0 46
57 46 56 46
56 46 55 46
55 46 54 46
54 46 53 46
53 46 52 46
52 46 51 46
51 46 50 46
50 46 49 46
49 46 49 45
49 45 49 44
49 44 49 43
49 43 49 42
49 42 49 41
49 41 49 40
49 40 49 39
49 39 49 38
49 38 49 37
49 37 49 36
49 36 49 35
49 35 49 34
49 34 49 33
49 33 49 32
49 32 49 31
49 31 49 30
49 30 49 29
49 29 48 29
48 29 47 29
47 29 46 29
46 29 45 29
45 29 44 29
44 29 43 29
43 29 42 29
42 29 41 29
41 29 40 29
40 29 39 29
39 29 38 29
38 29 37 29
37 29 36 29
36 29 35 29
35 29 35 28
35 28 35 27
35 27 35 26
35 26 35 25
35 25 35 24
35 24 35 23
35 23 35 22
1 48
41 22 40 22
40 22 39 22
39 22 38 22
38 22 37 22
37 22 36 22
36 22 36 21
36 21 35 21
35 21 34 21
34 21 34 22
34 22 34 23
34 23 34 24
34 24 34 25
34 25 34 26
34 26 34 27
34 27 34 28
34 28 34 29
34 29 34 30
34 30 35 30
35 30 36 30
36 30 37 30
37 30 38 30
38 30 39 30
39 30 40 30
40 30 41 30
41 30 41 31
41 31 41 32
41 32 41 33
41 33 41 34
41 34 41 35
41 35 41 36
41 36 41 37
41 37 41 38
41 38 41 39
41 39 41 40
41 40 41 41
41 41 41 42
41 42 41 43
41 43 41 44
41 44 40 44
40 44 39 44
39 44 38 44
38 44 37 44
37 44 36 44
36 44 35 44
35 44 34 44
34 44 33 44
33 44 33 45
33 45 33 46
2 72
13 19 13 18
13 18 13 17
13 17 13 16
13 16 13 15
13 15 13 14
13 14 13 13
13 13 13 12
13 12 13 11
13 11 13 10
13 10 13 9
13 9 13 8
13 8 13 7
13 7 14 7
14 7 15 7
15 7 16 7
16 7 17 7
17 7 18 7
18 7 19 7
19 7 20 7
20 7 21 7
21 7 22 7
22 7 22 8
22 8 22 9
22 9 22 10
22 10 22 11
22 11 22 12
22 12 22 13
22 13 22 14
22 14 22 15
22 15 22 16
22 16 22 17
22 17 22 18
22 18 23 18
23 18 24 18
24 18 25 18
25 18 26 18
26 18 27 18
27 18 28 18
28 18 29 18
29 18 30 18
30 18 30 17
30 17 30 16
30 16 30 15
30 15 30 14
30 14 30 13
30 13 30 12
30 12 30 11
30 11 30 10
30 10 30 9
30 9 30 8
30 8 30 7
30 7 30 6
30 6 30 5
30 5 31 5
31 5 32 5
32 5 33 5
33 5 34 5
34 5 35 5
35 5 35 6
35 6 35 7
35 7 35 8
35 8 36 8
36 8 37 8
37 8 38 8
38 8 39 8
39 8 40 8
40 8 41 8
41 8 42 8
42 8 42 7
42 7 42 6
42 6 43 6
43 6 43 5
3 27
15 16 15 15
15 15 15 14
15 14 15 13
15 13 15 12
15 12 14 12
14 12 13 12
13 12 12 12
12 12 11 12
11 12 10 12
10 12 9 12
9 12 8 12
8 12 7 12
7 12 7 11
7 11 7 10
7 10 7 9
7 9 7 8
7 8 7 7
7 7 7 6
7 6 7 5
7 5 7 4
7 4 7 3
7 3 7 2
7 2 7 1
7 1 7 0
7 0 6 0
6 0 5 0
5 0 4 0
4 40
57 21 57 20
57 20 57 19
57 19 57 18
57 18 57 17
57 17 57 16
57 16 57 15
57 15 57 14
57 14 57 13
57 13 57 12
57 12 57 11
57 11 57 10
57 10 57 9
57 9 57 8
57 8 57 7
57 7 56 7
56 7 55 7
55 7 54 7
54 7 53 7
53 7 52 7
52 7 51 7
51 7 50 7
50 7 49 7
49 7 48 7
48 7 47 7
47 7 46 7
46 7 45 7
45 7 44 7
44 7 44 6
44 6 44 5
44 5 44 4
44 4 43 4
43 4 42 4
42 4 41 4
41 4 41 5
41 5 41 6
41 6 40 6
40 6 39 6
39 6 38 6
38 6 37 6
37 6 36 6
5 14
52 22 52 21
52 21 52 20
52 20 52 19
52 19 52 18
52 18 52 17
52 17 52 16
52 16 52 15
52 15 52 14
52 14 52 13
52 13 52 12
52 12 52 11
52 11 52 10
52 10 53 10
53 10 54 10
6 32
17 31 18 31
18 31 19 31
19 31 20 31
20 31 21 31
21 31 22 31
22 31 23 31
23 31 24 31
24 31 25 31
25 31 26 31
26 31 27 31
27 31 28 31
28 31 29 31
29 31 30 31
30 31 31 31
31 31 31 30
31 30 31 29
31 29 31 28
31 28 31 27
31 27 31 26
31 26 31 25
31 25 31 24
31 24 31 23
31 23 31 22
31 22 32 22
32 22 33 22
33 22 33 21
33 21 33 20
33 20 33 19
33 19 34 19
34 19 35 19
35 19 36 19
36 19 37 19
7 36
12 43 12 42
12 42 12 41
12 41 12 40
12 40 13 40
13 40 14 40
14 40 14 39
14 39 14 38
14 38 14 37
14 37 14 36
14 36 14 35
14 35 14 34
14 34 14 33
14 33 14 32
14 32 14 31
14 31 14 30
14 30 15 30
15 30 15 29
15 29 15 28
15 28 16 28
16 28 17 28
17 28 18 28
18 28 19 28
19 28 20 28
20 28 21 28
21 28 22 28
22 28 23 28
23 28 24 28
24 28 25 28
25 28 26 28
26 28 27 28
27 28 28 28
28 28 28 27
28 27 28 26
28 26 28 25
28 25 28 24
28 24 29 24
8 51
24 3 23 3
23 3 22 3
22 3 21 3
21 3 20 3
20 3 19 3
19 3 18 3
18 3 17 3
17 3 16 3
16 3 15 3
15 3 14 3
14 3 13 3
13 3 12 3
12 3 11 3
11 3 11 4
11 4 11 5
11 5 11 6
11 6 11 7
11 7 11 8
11 8 11 9
11 9 11 10
11 10 12 10
12 10 13 10
13 10 14 10
14 10 15 10
15 10 16 10
16 10 17 10
17 10 18 10
18 10 18 11
18 11 18 12
18 12 18 13
18 13 18 14
18 14 18 15
18 15 18 16
18 16 18 17
18 17 18 18
18 18 17 18
17 18 16 18
16 18 15 18
15 18 15 19
15 19 15 20
15 20 14 20
14 20 13 20
13 20 12 20
12 20 11 20
11 20 10 20
10 20 10 21
10 21 10 22
10 22 10 23
10 23 10 24
10 24 9 24
9 24 8 24
9 47
57 23 56 23
56 23 55 23
55 23 54 23
54 23 53 23
53 23 52 23
52 23 51 23
51 23 50 23
50 23 50 24
50 24 50 25
50 25 49 25
49 25 48 25
48 25 47 25
47 25 46 25
46 25 45 25
45 25 44 25
44 25 43 25
43 25 42 25
42 25 41 25
41 25 40 25
40 25 39 25
39 25 38 25
38 25 37 25
37 25 36 25
36 25 35 25
35 25 34 25
34 25 33 25
33 25 33 26
33 26 33 27
33 27 32 27
32 27 31 27
31 27 30 27
30 27 30 28
30 28 30 29
30 29 29 29
29 29 28 29
28 29 27 29
27 29 26 29
26 29 25 29
25 29 24 29
24 29 23 29
23 29 22 29
22 29 21 29
21 29 20 29
20 29 19 29
19 29 18 29
18 29 17 29
17 29 16 29
10 36
6 52 6 53
6 53 6 54
6 54 6 55
6 55 7 55
7 55 8 55
8 55 9 55
9 55 10 55
10 55 11 55
11 55 12 55
12 55 13 55
13 55 14 55
14 55 15 55
15 55 16 55
16 55 17 55
17 55 18 55
18 55 19 55
19 55 20 55
20 55 21 55
21 55 22 55
22 55 23 55
23 55 24 55
24 55 25 55
25 55 26 55
26 55 27 55
27 55 28 55
28 55 29 55
29 55 30 55
30 55 31 55
31 55 32 55
32 55 33 55
33 55 33 56
33 56 33 57
33 57 34 57
34 57 35 57
35 57 35 58
35 58 36 58
11 13
6 30 5 30
5 30 4 30
4 30 3 30
3 30 3 29
3 29 3 28
3 28 3 27
3 27 3 26
3 26 3 25
3 25 2 25
2 25 1 25
1 25 1 24
1 24 1 23
1 23 0 23
12 42
53 37 52 37
52 37 51 37
51 37 51 38
51 38 51 39
51 39 51 40
51 40 51 41
51 41 51 42
51 42 51 43
51 43 51 44
51 44 50 44
50 44 49 44
49 44 48 44
48 44 47 44
47 44 46 44
46 44 45 44
45 44 45 45
45 45 45 46
45 46 45 47
45 47 45 48
45 48 45 49
45 49 45 50
45 50 45 51
45 51 45 52
45 52 44 52
44 52 43 52
43 52 43 53
43 53 43 54
43 54 43 55
43 55 43 56
43 56 43 57
43 57 43 58
43 58 42 58
42 58 41 58
41 58 40 58
40 58 39 58
39 58 38 58
38 58 37 58
37 58 37 59
37 59 36 59
36 59 35 59
35 59 34 59
34 59 34 58
13 41
20 16 21 16
21 16 21 17
21 17 21 18
21 18 21 19
21 19 21 20
21 20 21 21
21 21 22 21
22 21 23 21
23 21 23 22
23 22 23 23
23 23 24 23
24 23 25 23
25 23 26 23
26 23 26 22
26 22 26 21
26 21 26 20
26 20 27 20
27 20 28 20
28 20 29 20
29 20 30 20
30 20 31 20
31 20 32 20
32 20 32 19
32 19 32 18
32 18 33 18
33 18 34 18
34 18 35 18
35 18 36 18
36 18 37 18
37 18 38 18
38 18 39 18
39 18 40 18
40 18 40 19
40 19 40 20
40 20 41 20
41 20 42 20
42 20 42 21
42 21 42 22
42 22 42 23
42 23 41 23
41 23 40 23
14 22
37 19 37 18
37 18 37 17
37 17 36 17
36 17 35 17
35 17 34 17
34 17 33 17
33 17 32 17
32 17 31 17
31 17 31 18
31 18 31 19
31 19 30 19
30 19 29 19
29 19 28 19
28 19 27 19
27 19 26 19
26 19 25 19
25 19 24 19
24 19 23 19
23 19 22 19
22 19 21 19
21 19 20 19
20 19 20 18
15 46
2 28 2 29
2 29 2 30
2 30 2 31
2 31 2 32
2 32 2 33
2 33 2 34
2 34 3 34
3 34 4 34
4 34 5 34
5 34 6 34
6 34 7 34
7 34 8 34
8 34 9 34
9 34 9 35
9 35 9 36
9 36 9 37
9 37 9 38
9 38 9 39
9 39 9 40
9 40 9 41
9 41 9 42
9 42 9 43
9 43 9 44
9 44 9 45
9 45 9 46
9 46 10 46
10 46 11 46
11 46 12 46
12 46 13 46
13 46 14 46
14 46 15 46
15 46 16 46
16 46 17 46
17 46 18 46
18 46 19 46
19 46 20 46
20 46 21 46
21 46 22 46
22 46 23 46
23 46 23 47
23 47 23 48
23 48 23 49
23 49 23 50
23 50 24 50
24 50 25 50
25 50 26 50
16 27
14 19 15 19
15 19 16 19
16 19 16 20
16 20 16 21
16 21 16 22
16 22 16 23
16 23 16 24
16 24 16 25
16 25 16 26
16 26 16 27
16 27 16 28
16 28 16 29
16 29 16 30
16 30 16 31
16 31 16 32
16 32 16 33
16 33 16 34
16 34 16 35
16 35 16 36
16 36 16 37
16 37 17 37
17 37 18 37
18 37 19 37
19 37 20 37
20 37 20 38
20 38 20 39
20 39 20 40
17 6
17 32 16 32
16 32 15 32
15 32 15 31
15 31 15 30
15 30 15 29
15 29 14 29
18 50
40 43 40 42
40 42 40 41
40 41 40 40
40 40 40 39
40 39 39 39
39 39 39 38
39 38 39 37
39 37 39 36
39 36 39 35
39 35 39 34
39 34 39 33
39 33 39 32
39 32 39 31
39 31 39 30
39 30 39 29
39 29 39 28
39 28 39 27
39 27 39 26
39 26 39 25
39 25 39 24
39 24 40 24
40 24 41 24
41 24 42 24
42 24 43 24
43 24 43 23
43 23 43 22
43 22 43 21
43 21 43 20
43 20 43 19
43 19 43 18
43 18 43 17
43 17 43 16
43 16 43 15
43 15 43 14
43 14 43 13
43 13 42 13
42 13 41 13
41 13 40 13
40 13 40 12
40 12 40 11
40 11 40 10
40 10 40 9
40 9 40 8
40 8 40 7
40 7 40 6
40 6 40 5
40 5 40 4
40 4 40 3
40 3 40 2
40 2 40 1
19 31
1 42 2 42
2 42 3 42
3 42 4 42
4 42 5 42
5 42 6 42
6 42 7 42
7 42 8 42
8 42 9 42
9 42 10 42
10 42 11 42
11 42 11 43
11 43 11 44
11 44 12 44
12 44 13 44
13 44 14 44
14 44 15 44
15 44 16 44
16 44 16 43
16 43 16 42
16 42 17 42
17 42 18 42
18 42 19 42
19 42 20 42
20 42 21 42
21 42 21 41
21 41 21 40
21 40 21 39
21 39 21 38
21 38 21 37
21 37 21 36
21 36 21 35
20 27
42 5 42 6
42 6 42 7
42 7 43 7
43 7 43 8
43 8 43 9
43 9 43 10
43 10 42 10
42 10 41 10
41 10 41 11
41 11 41 12
41 12 41 13
41 13 41 14
41 14 41 15
41 15 41 16
41 16 42 16
42 16 42 17
42 17 42 18
42 18 42 19
42 19 42 20
42 20 42 21
42 21 42 22
42 22 42 23
42 23 42 24
42 24 42 25
42 25 42 26
42 26 42 27
42 27 41 27
21 16
5 9 5 8
5 8 5 7
5 7 5 6
5 6 5 5
5 5 5 4
5 4 5 3
5 3 5 2
5 2 5 1
5 1 6 1
6 1 7 1
7 1 8 1
8 1 9 1
9 1 10 1
10 1 11 1
11 1 12 1
12 1 12 0
22 11
40 38 41 38
41 38 42 38
42 38 42 39
42 39 42 40
42 40 42 41
42 41 42 42
42 42 42 43
42 43 42 44
42 44 42 45
42 45 42 46
42 46 43 46
23 42
58 3 57 3
57 3 56 3
56 3 55 3
55 3 54 3
54 3 53 3
53 3 52 3
52 3 51 3
51 3 50 3
50 3 49 3
49 3 48 3
48 3 47 3
47 3 46 3
46 3 45 3
45 3 44 3
44 3 43 3
43 3 42 3
42 3 41 3
41 3 41 2
41 2 41 1
41 1 41 0
41 0 40 0
40 0 39 0
39 0 38 0
38 0 37 0
37 0 36 0
36 0 35 0
35 0 34 0
34 0 33 0
33 0 32 0
32 0 31 0
31 0 30 0
30 0 29 0
29 0 28 0
28 0 27 0
27 0 27 1
27 1 27 2
27 2 27 3
27 3 27 4
27 4 27 5
27 5 26 5
26 5 26 6
26 6 26 7
24 54
35 15 34 15
34 15 33 15
33 15 32 15
32 15 31 15
31 15 30 15
30 15 29 15
29 15 28 15
28 15 27 15
27 15 26 15
26 15 25 15
25 15 24 15
24 15 24 16
24 16 24 17
24 17 24 18
24 18 24 19
24 19 24 20
24 20 25 20
25 20 25 21
25 21 25 22
25 22 25 23
25 23 25 24
25 24 26 24
26 24 27 24
27 24 27 23
27 23 27 22
27 22 28 22
28 22 29 22
29 22 30 22
30 22 30 23
30 23 30 24
30 24 30 25
30 25 30 26
30 26 29 26
29 26 29 27
29 27 29 28
29 28 29 29
29 29 29 30
29 30 29 31
29 31 29 32
29 32 29 33
29 33 29 34
29 34 29 35
29 35 29 36
29 36 29 37
29 37 29 38
29 38 29 39
29 39 29 40
29 40 28 40
28 40 27 40
27 40 26 40
26 40 25 40
25 40 25 41
25 41 25 42
25 42 24 42
25 35
36 57 36 56
36 56 36 55
36 55 36 54
36 54 36 53
36 53 36 52
36 52 36 51
36 51 36 50
36 50 36 49
36 49 37 49
37 49 38 49
38 49 39 49
39 49 40 49
40 49 41 49
41 49 42 49
42 49 43 49
43 49 44 49
44 49 44 48
44 48 44 47
44 47 44 46
44 46 44 45
44 45 44 44
44 44 44 43
44 43 44 42
44 42 44 41
44 41 44 40
44 40 44 39
44 39 44 38
44 38 44 37
44 37 44 36
44 36 44 35
44 35 44 34
44 34 44 33
44 33 44 32
44 32 45 32
45 32 46 32
26 68
17 20 18 20
18 20 19 20
19 20 19 19
19 19 19 18
19 18 19 17
19 17 19 16
19 16 19 15
19 15 20 15
20 15 21 15
21 15 22 15
22 15 23 15
23 15 23 14
23 14 24 14
24 14 25 14
25 14 26 14
26 14 27 14
27 14 28 14
28 14 29 14
29 14 30 14
30 14 31 14
31 14 32 14
32 14 33 14
33 14 34 14
34 14 35 14
35 14 36 14
36 14 37 14
37 14 38 14
38 14 39 14
39 14 40 14
40 14 40 15
40 15 40 16
40 16 40 17
40 17 40 18
40 18 41 18
41 18 42 18
42 18 43 18
43 18 44 18
44 18 45 18
45 18 46 18
46 18 46 17
46 17 46 16
46 16 47 16
47 16 48 16
48 16 49 16
49 16 50 16
50 16 51 16
51 16 52 16
52 16 53 16
53 16 54 16
54 16 55 16
55 16 55 17
55 17 55 18
55 18 55 19
55 19 55 20
55 20 55 21
55 21 55 22
55 22 56 22
56 22 57 22
57 22 58 22
58 22 58 21
58 21 58 20
58 20 58 19
58 19 58 18
58 18 58 17
58 17 58 16
58 16 58 15
58 15 58 14
58 14 59 14
27 48
29 10 29 11
29 11 29 12
29 12 29 13
29 13 29 14
29 14 29 15
29 15 29 16
29 16 28 16
28 16 27 16
27 16 26 16
26 16 25 16
25 16 25 17
25 17 25 18
25 18 25 19
25 19 25 20
25 20 25 21
25 21 25 22
25 22 24 22
24 22 23 22
23 22 22 22
22 22 22 23
22 23 22 24
22 24 21 24
21 24 20 24
20 24 19 24
19 24 18 24
18 24 17 24
17 24 16 24
16 24 15 24
15 24 14 24
14 24 13 24
13 24 12 24
12 24 11 24
11 24 11 25
11 25 10 25
10 25 9 25
9 25 8 25
8 25 7 25
7 25 7 26
7 26 7 27
7 27 7 28
7 28 7 29
7 29 7 30
7 30 7 31
7 31 7 32
7 32 7 33
7 33 6 33
6 33 5 33
5 33 4 33
28 23
2 36 2 37
2 37 2 38
2 38 2 39
2 39 2 40
2 40 2 41
2 41 1 41
1 41 0 41
0 41 0 42
0 42 0 43
0 43 0 44
0 44 1 44
1 44 2 44
2 44 3 44
3 44 4 44
4 44 5 44
5 44 6 44
6 44 7 44
7 44 8 44
8 44 9 44
9 44 10 44
10 44 10 45
10 45 11 45
11 45 12 45
29 35
22 2 21 2
21 2 20 2
20 2 19 2
19 2 18 2
18 2 17 2
17 2 16 2
16 2 15 2
15 2 14 2
14 2 13 2
13 2 12 2
12 2 11 2
11 2 10 2
10 2 10 3
10 3 10 4
10 4 10 5
10 5 10 6
10 6 10 7
10 7 10 8
10 8 10 9
10 9 10 10
10 10 10 11
10 11 9 11
9 11 8 11
8 11 7 11
7 11 6 11
6 11 5 11
5 11 4 11
4 11 3 11
3 11 2 11
2 11 1 11
1 11 1 12
1 12 1 13
1 13 1 14
1 14 1 15
1 15 1 16
30 14
47 26 48 26
48 26 49 26
49 26 50 26
50 26 51 26
51 26 52 26
52 26 53 26
53 26 54 26
54 26 55 26
55 26 56 26
56 26 57 26
57 26 58 26
58 26 58 25
58 25 58 24
58 24 58 23
31 18
23 15 23 14
23 14 23 13
23 13 24 13
24 13 25 13
25 13 26 13
26 13 27 13
27 13 28 13
28 13 29 13
29 13 30 13
30 13 31 13
31 13 32 13
32 13 33 13
33 13 34 13
34 13 35 13
35 13 36 13
36 13 37 13
37 13 38 13
38 13 39 13
32 27
34 38 34 37
34 37 34 36
34 36 34 35
34 35 34 34
34 34 34 33
34 33 34 32
34 32 34 31
34 31 33 31
33 31 33 30
33 30 33 29
33 29 33 28
33 28 32 28
32 28 31 28
31 28 30 28
30 28 29 28
29 28 28 28
28 28 27 28
27 28 27 27
27 27 27 26
27 26 27 25
27 25 26 25
26 25 25 25
25 25 24 25
24 25 24 24
24 24 24 23
24 23 24 22
24 22 24 21
33 13
10 33 9 33
9 33 8 33
8 33 7 33
7 33 6 33
6 33 6 32
6 32 5 32
5 32 4 32
4 32 3 32
3 32 3 33
3 33 3 34
3 34 3 35
3 35 3 36
3 36 4 36
34 42
27 6 27 7
27 7 28 7
28 7 28 8
28 8 28 9
28 9 28 10
28 10 27 10
27 10 26 10
26 10 25 10
25 10 24 10
24 10 23 10
23 10 22 10
22 10 21 10
21 10 20 10
20 10 19 10
19 10 19 11
19 11 19 12
19 12 19 13
19 13 19 14
19 14 19 15
19 15 19 16
19 16 19 17
19 17 19 18
19 18 19 19
19 19 19 20
19 20 19 21
19 21 19 22
19 22 19 23
19 23 19 24
19 24 19 25
19 25 18 25
18 25 17 25
17 25 16 25
16 25 15 25
15 25 14 25
14 25 13 25
13 25 13 26
13 26 13 27
13 27 13 28
13 28 13 29
13 29 13 30
13 30 13 31
13 31 12 31
35 25
44 26 44 27
44 27 44 28
44 28 43 28
43 28 42 28
42 28 41 28
41 28 40 28
40 28 39 28
39 28 38 28
38 28 37 28
37 28 36 28
36 28 35 28
35 28 34 28
34 28 33 28
33 28 32 28
32 28 32 29
32 29 32 30
32 30 32 31
32 31 32 32
32 32 31 32
31 32 30 32
30 32 29 32
29 32 28 32
28 32 27 32
27 32 26 32
26 32 25 32
36 34
6 27 6 26
6 26 6 25
6 25 6 24
6 24 6 23
6 23 6 22
6 22 6 21
6 21 6 20
6 20 6 19
6 19 6 18
6 18 6 17
6 17 6 16
6 16 6 15
6 15 7 15
7 15 8 15
8 15 9 15
9 15 10 15
10 15 11 15
11 15 12 15
12 15 13 15
13 15 14 15
14 15 14 16
14 16 14 17
14 17 15 17
15 17 16 17
16 17 16 16
16 16 16 15
16 15 16 14
16 14 16 13
16 13 16 12
16 12 16 11
16 11 16 10
16 10 16 9
16 9 16 8
16 8 17 8
37 65
54 49 53 49
53 49 52 49
52 49 51 49
51 49 50 49
50 49 50 48
50 48 50 47
50 47 49 47
49 47 48 47
48 47 47 47
47 47 46 47
46 47 45 47
45 47 44 47
44 47 43 47
43 47 42 47
42 47 41 47
41 47 40 47
40 47 39 47
39 47 38 47
38 47 38 48
38 48 37 48
37 48 36 48
36 48 35 48
35 48 34 48
34 48 33 48
33 48 32 48
32 48 31 48
31 48 30 48
30 48 29 48
29 48 28 48
28 48 27 48
27 48 27 47
27 47 27 46
27 46 27 45
27 45 27 44
27 44 27 43
27 43 27 42
27 42 28 42
28 42 29 42
29 42 30 42
30 42 31 42
31 42 32 42
32 42 33 42
33 42 34 42
34 42 35 42
35 42 36 42
36 42 37 42
37 42 38 42
38 42 39 42
39 42 39 41
39 41 39 40
39 40 38 40
38 40 37 40
37 40 36 40
36 40 35 40
35 40 34 40
34 40 33 40
33 40 32 40
32 40 31 40
31 40 31 39
31 39 31 38
31 38 31 37
31 37 30 37
30 37 29 37
29 37 28 37
28 37 27 37
38 8
33 37 33 38
33 38 33 39
33 39 33 40
33 40 33 41
33 41 33 42
33 42 33 43
33 43 32 43
32 43 31 43
39 18
0 35 0 34
0 34 0 33
0 33 0 32
0 32 0 31
0 31 1 31
1 31 2 31
2 31 3 31
3 31 4 31
4 31 5 31
5 31 6 31
6 31 7 31
7 31 8 31
8 31 8 30
8 30 8 29
8 29 9 29
9 29 10 29
10 29 11 29
11 29 11 28
40 34
42 15 43 15
43 15 44 15
44 15 44 16
44 16 44 17
44 17 45 17
45 17 46 17
46 17 47 17
47 17 47 18
47 18 47 19
47 19 47 20
47 20 47 21
47 21 47 22
47 22 46 22
46 22 45 22
45 22 45 23
45 23 45 24
45 24 45 25
45 25 45 26
45 26 45 27
45 27 46 27
46 27 47 27
47 27 48 27
48 27 49 27
49 27 50 27
50 27 51 27
51 27 52 27
52 27 53 27
53 27 54 27
54 27 55 27
55 27 56 27
56 27 57 27
57 27 58 27
58 27 59 27
59 27 59 26
41 35
41 17 42 17
42 17 43 17
43 17 44 17
44 17 45 17
45 17 45 18
45 18 45 19
45 19 45 20
45 20 46 20
46 20 47 20
47 20 48 20
48 20 48 21
48 21 48 22
48 22 48 23
48 23 47 23
47 23 46 23
46 23 46 24
46 24 46 25
46 25 46 26
46 26 46 27
46 27 46 28
46 28 47 28
47 28 48 28
48 28 49 28
49 28 50 28
50 28 50 29
50 29 50 30
50 30 50 31
50 31 50 32
50 32 50 33
50 33 50 34
50 34 50 35
50 35 50 36
50 36 50 37
50 37 50 38
50 38 50 39
42 17
44 31 43 31
43 31 42 31
42 31 41 31
41 31 40 31
40 31 39 31
39 31 38 31
38 31 38 32
38 32 38 33
38 33 38 34
38 34 38 35
38 35 38 36
38 36 37 36
37 36 36 36
36 36 35 36
35 36 34 36
34 36 33 36
33 36 33 37
43 40
1 43 1 44
1 44 1 45
1 45 1 46
1 46 1 47
1 47 2 47
2 47 3 47
3 47 4 47
4 47 5 47
5 47 6 47
6 47 7 47
7 47 8 47
8 47 9 47
9 47 10 47
10 47 11 47
11 47 12 47
12 47 13 47
13 47 14 47
14 47 15 47
15 47 16 47
16 47 17 47
17 47 18 47
18 47 19 47
19 47 20 47
20 47 21 47
21 47 22 47
22 47 23 47
23 47 24 47
24 47 25 47
25 47 26 47
26 47 27 47
27 47 28 47
28 47 29 47
29 47 30 47
30 47 31 47
31 47 32 47
32 47 33 47
33 47 34 47
34 47 35 47
35 47 36 47
36 47 37 47
44 37
32 58 31 58
31 58 30 58
30 58 29 58
29 58 28 58
28 58 27 58
27 58 26 58
26 58 25 58
25 58 24 58
24 58 23 58
23 58 22 58
22 58 21 58
21 58 20 58
20 58 19 58
19 58 18 58
18 58 17 58
17 58 16 58
16 58 15 58
15 58 14 58
14 58 13 58
13 58 12 58
12 58 11 58
11 58 10 58
10 58 9 58
9 58 8 58
8 58 8 57
8 57 8 56
8 56 7 56
7 56 6 56
6 56 5 56
5 56 5 55
5 55 5 54
5 54 5 53
5 53 5 52
5 52 5 51
5 51 6 51
6 51 7 51
7 51 8 51
45 30
27 41 26 41
26 41 26 42
26 42 26 43
26 43 25 43
25 43 24 43
24 43 23 43
23 43 23 42
23 42 23 41
23 41 23 40
23 40 23 39
23 39 23 38
23 38 23 37
23 37 23 36
23 36 23 35
23 35 23 34
23 34 23 33
23 33 23 32
23 32 23 31
23 31 23 30
23 30 23 29
23 29 23 28
23 28 23 27
23 27 23 26
23 26 23 25
23 25 23 24
23 24 23 23
23 23 22 23
22 23 21 23
21 23 20 23
20 23 20 22
46 31
40 52 40 51
40 51 40 50
40 50 41 50
41 50 42 50
42 50 43 50
43 50 44 50
44 50 45 50
45 50 46 50
46 50 47 50
47 50 48 50
48 50 49 50
49 50 50 50
50 50 51 50
51 50 52 50
52 50 53 50
53 50 54 50
54 50 55 50
55 50 56 50
56 50 56 49
56 49 56 48
56 48 57 48
57 48 58 48
58 48 58 47
58 47 58 46
58 46 58 45
58 45 58 44
58 44 58 43
58 43 58 42
58 42 58 41
58 41 58 40
58 40 57 40
47 48
27 8 26 8
26 8 25 8
25 8 25 7
25 7 25 6
25 6 25 5
25 5 24 5
24 5 23 5
23 5 22 5
22 5 21 5
21 5 20 5
20 5 19 5
19 5 18 5
18 5 17 5
17 5 16 5
16 5 15 5
15 5 14 5
14 5 13 5
13 5 12 5
12 5 11 5
11 5 10 5
10 5 9 5
9 5 9 4
9 4 9 3
9 3 8 3
8 3 7 3
7 3 6 3
6 3 6 4
6 4 6 5
6 5 6 6
6 6 6 7
6 7 6 8
6 8 6 9
6 9 6 10
6 10 5 10
5 10 4 10
4 10 4 9
4 9 4 8
4 8 4 7
4 7 4 6
4 6 4 5
4 5 4 4
4 4 4 3
4 3 4 2
4 2 4 1
4 1 3 1
3 1 2 1
2 1 1 1
1 1 0 1
48 22
23 52 24 52
24 52 25 52
25 52 26 52
26 52 27 52
27 52 28 52
28 52 29 52
29 52 30 52
30 52 31 52
31 52 32 52
32 52 33 52
33 52 34 52
34 52 35 52
35 52 36 52
36 52 37 52
37 52 38 52
38 52 39 52
39 52 39 53
39 53 40 53
40 53 41 53
41 53 42 53
42 53 43 53
43 53 44 53
49 28
33 9 33 10
33 10 33 11
33 11 33 12
33 12 33 13
33 13 33 14
33 14 33 15
33 15 33 16
33 16 33 17
33 17 33 18
33 18 33 19
33 19 33 20
33 20 33 21
33 21 33 22
33 22 33 23
33 23 32 23
32 23 31 23
31 23 30 23
30 23 29 23
29 23 28 23
28 23 27 23
27 23 27 24
27 24 27 25
27 25 27 26
27 26 26 26
26 26 25 26
25 26 24 26
24 26 23 26
23 26 22 26